info: URL: /put
info: Método: POST
info: Cuerpo de la solicitud: {"Estado_alarma":"Desactivado","Fecha":"1/1/2000 3:26:56","Estado_cerco":"Sin evento","cerco_id":42}
info: URL: /put
info: Método: POST
info: Cuerpo de la solicitud: {"Estado_alarma":"Desactivado","Fecha":"1/1/2000 3:27:1","Estado_cerco":"Sin evento","cerco_id":43}
info: URL: /put
info: Método: POST
info: Cuerpo de la solicitud: {"Estado_alarma":"Activado","Fecha":"1/1/2000 3:27:4","Estado_cerco":"Con evento","cerco_id":44}
info: URL: /put
info: Método: POST
info: Cuerpo de la solicitud: {"Estado_alarma":"Desactivado","Fecha":"1/1/2000 3:27:4","Estado_cerco":"Sin evento","cerco_id":45}
info: Function get_last_video Memory usage at start: 70.359375 MB
info: Function get_last_video Memory usage at end: 70.40625 MB
info: Function get_last_video Memory usage difference: 0.05 MB
info: Function get_last_video Elapsed time: 0.27409999999963475 milliseconds
info: Function get_last_video Network usage: {"Wi-Fi":{"fe80::115:6003:5112:6fb7":{"received":null,"transmitted":null},"192.168.150.101":{"received":null,"transmitted":null}},"Loopback Pseudo-Interface 1":{"::1":{"received":null,"transmitted":null},"127.0.0.1":{"received":null,"transmitted":null}}}
info: Function convert_video avi2mp4 Memory usage at start: 70.82421875 MB
info: Function convert_video avi2mp4 Memory usage at end: 70.8359375 MB
info: Function convert_video avi2mp4 Memory usage difference: 0.01 MB
info: Function convert_video avi2mp4 Elapsed time: 17.663700000000063 milliseconds
info: Function convert_video avi2mp4 Network usage: {"Wi-Fi":{"fe80::115:6003:5112:6fb7":{"received":null,"transmitted":null},"192.168.150.101":{"received":null,"transmitted":null}},"Loopback Pseudo-Interface 1":{"::1":{"received":null,"transmitted":null},"127.0.0.1":{"received":null,"transmitted":null}}}
info: Function get_last_video CPU usage: 0.0000%
info: Function convert_video avi2mp4 CPU usage: 0.0000%
info: URL: /put
info: Método: POST
info: Cuerpo de la solicitud: {"Estado_alarma":"Desactivado","Fecha":"1/1/2000 3:27:22","Estado_cerco":"Sin evento","cerco_id":46}
info: Function main Memory usage at start: 58.0703125 MB
info: Function main Memory usage at end: 57.33984375 MB
info: Function main Memory usage difference: -0.73 MB
info: Function main Elapsed time: 6.529200000000856 milliseconds
info: Function main Network usage: {"Wi-Fi":{"fe80::115:6003:5112:6fb7":{"received":null,"transmitted":null},"192.168.150.101":{"received":null,"transmitted":null}},"Loopback Pseudo-Interface 1":{"::1":{"received":null,"transmitted":null},"127.0.0.1":{"received":null,"transmitted":null}}}
info: Function main CPU usage: 3.2762%
info: URL: /put
info: Método: POST
info: Cuerpo de la solicitud: {"Estado_alarma":"Activado","Fecha":"1/1/2000 3:27:35","Estado_cerco":"Con evento","cerco_id":47}
info: URL: /put
info: Método: POST
info: Cuerpo de la solicitud: {"Estado_alarma":"Activado","Fecha":"1/1/2000 3:27:42","Estado_cerco":"Con evento","cerco_id":48}
info: URL: /put
info: Método: POST
info: Cuerpo de la solicitud: {"Estado_alarma":"Activado","Fecha":"1/1/2000 3:28:3","Estado_cerco":"Con evento","cerco_id":49}
info: URL: /put
info: Método: POST
info: Cuerpo de la solicitud: {"Estado_alarma":"Activado","Fecha":"1/1/2000 3:28:23","Estado_cerco":"Con evento","cerco_id":50}
info: URL: /put
info: Método: POST
info: Cuerpo de la solicitud: {"Estado_alarma":"Activado","Fecha":"1/1/2000 3:28:43","Estado_cerco":"Con evento","cerco_id":51}
info: URL: /put
info: Método: POST
info: Cuerpo de la solicitud: {"Estado_alarma":"Activado","Fecha":"1/1/2000 3:29:3","Estado_cerco":"Con evento","cerco_id":52}
info: URL: /put
info: Método: POST
info: Cuerpo de la solicitud: {"Estado_alarma":"Desactivado","Fecha":"1/1/2000 3:29:22","Estado_cerco":"Sin evento","cerco_id":53}
info: Function get_last_video Memory usage at start: 62.296875 MB
info: Function get_last_video Memory usage at end: 62.0625 MB
info: Function get_last_video Memory usage difference: -0.23 MB
info: Function get_last_video Elapsed time: 0.19689999998081475 milliseconds
info: Function get_last_video Network usage: {"Wi-Fi":{"fe80::115:6003:5112:6fb7":{"received":null,"transmitted":null},"192.168.150.101":{"received":null,"transmitted":null}},"Loopback Pseudo-Interface 1":{"::1":{"received":null,"transmitted":null},"127.0.0.1":{"received":null,"transmitted":null}}}
info: Function convert_video avi2mp4 Memory usage at start: 62.37890625 MB
info: Function convert_video avi2mp4 Memory usage at end: 62.86328125 MB
info: Function convert_video avi2mp4 Memory usage difference: 0.48 MB
info: Function convert_video avi2mp4 Elapsed time: 60.924399999988964 milliseconds
info: Function convert_video avi2mp4 Network usage: {"Wi-Fi":{"fe80::115:6003:5112:6fb7":{"received":null,"transmitted":null},"192.168.150.101":{"received":null,"transmitted":null}},"Loopback Pseudo-Interface 1":{"::1":{"received":null,"transmitted":null},"127.0.0.1":{"received":null,"transmitted":null}}}
info: URL: /put
info: Método: POST
info: Cuerpo de la solicitud: {"Estado_alarma":"Desactivado","Fecha":"1/1/2000 3:29:23","Estado_cerco":"Sin evento","cerco_id":54}
info: Function get_last_video CPU usage: 0.0000%
info: Function convert_video avi2mp4 CPU usage: 1.5000%
info: URL: /put
info: Método: POST
info: Cuerpo de la solicitud: {"Estado_alarma":"Desactivado","Fecha":"1/1/2000 3:29:43","Estado_cerco":"Sin evento","cerco_id":55}
info: URL: /put
info: Método: POST
info: Cuerpo de la solicitud: {"Estado_alarma":"Desactivado","Fecha":"1/1/2000 3:30:3","Estado_cerco":"Sin evento","cerco_id":56}
info: Function main Memory usage at start: 65.08984375 MB
info: Function main Memory usage at end: 65.265625 MB
info: Function main Memory usage difference: 0.18 MB
info: Function main Elapsed time: 5.880600000004051 milliseconds
info: Function main Network usage: {"Wi-Fi":{"fe80::115:6003:5112:6fb7":{"received":null,"transmitted":null},"192.168.150.101":{"received":null,"transmitted":null}},"Loopback Pseudo-Interface 1":{"::1":{"received":null,"transmitted":null},"127.0.0.1":{"received":null,"transmitted":null}}}
info: Function main CPU usage: 2.8694%
info: URL: /put
info: Método: POST
info: Cuerpo de la solicitud: {"Estado_alarma":"Desactivado","Fecha":"1/1/2000 3:30:24","Estado_cerco":"Sin evento","cerco_id":57}
info: URL: /put
info: Método: POST
info: Cuerpo de la solicitud: {"Estado_alarma":"Desactivado","Fecha":"1/1/2000 3:30:44","Estado_cerco":"Sin evento","cerco_id":58}
info: URL: /put
info: Método: POST
info: Cuerpo de la solicitud: {"Estado_alarma":"Desactivado","Fecha":"1/1/2000 3:31:4","Estado_cerco":"Sin evento","cerco_id":59}
info: URL: /put
info: Método: POST
info: Cuerpo de la solicitud: {"Estado_alarma":"Desactivado","Fecha":"1/1/2000 3:31:24","Estado_cerco":"Sin evento","cerco_id":60}
info: URL: /put
info: Método: POST
info: Cuerpo de la solicitud: {"Estado_alarma":"Desactivado","Fecha":"1/1/2000 3:31:44","Estado_cerco":"Sin evento","cerco_id":61}
info: URL: /put
info: Método: POST
info: Cuerpo de la solicitud: {"Estado_alarma":"Desactivado","Fecha":"1/1/2000 3:32:4","Estado_cerco":"Sin evento","cerco_id":62}
info: URL: /put
info: Método: POST
info: Cuerpo de la solicitud: {"Estado_alarma":"Desactivado","Fecha":"1/1/2000 3:32:25","Estado_cerco":"Sin evento","cerco_id":63}
info: URL: /put
info: Método: POST
info: Cuerpo de la solicitud: {"Estado_alarma":"Desactivado","Fecha":"1/1/2000 3:32:45","Estado_cerco":"Sin evento","cerco_id":64}
info: URL: /put
info: Método: POST
info: Cuerpo de la solicitud: {"Estado_alarma":"Desactivado","Fecha":"1/1/2000 3:33:5","Estado_cerco":"Sin evento","cerco_id":65}
info: URL: /put
info: Método: POST
info: Cuerpo de la solicitud: {"Estado_alarma":"Desactivado","Fecha":"1/1/2000 3:33:25","Estado_cerco":"Sin evento","cerco_id":66}
info: URL: /put
info: Método: POST
info: Cuerpo de la solicitud: {"Estado_alarma":"Desactivado","Fecha":"1/1/2000 3:33:46","Estado_cerco":"Sin evento","cerco_id":67}
info: URL: /put
info: Método: POST
info: Cuerpo de la solicitud: {"Estado_alarma":"Desactivado","Fecha":"1/1/2000 3:34:6","Estado_cerco":"Sin evento","cerco_id":68}
info: URL: /put
info: Método: POST
info: Cuerpo de la solicitud: {"Estado_alarma":"Desactivado","Fecha":"1/1/2000 3:34:26","Estado_cerco":"Sin evento","cerco_id":69}
info: URL: /put
info: Método: POST
info: Cuerpo de la solicitud: {"Estado_alarma":"Desactivado","Fecha":"1/1/2000 3:34:46","Estado_cerco":"Sin evento","cerco_id":70}
info: URL: /put
info: Método: POST
info: Cuerpo de la solicitud: {"Estado_alarma":"Desactivado","Fecha":"1/1/2000 3:35:6","Estado_cerco":"Sin evento","cerco_id":71}
info: URL: /put
info: Método: POST
info: Cuerpo de la solicitud: {"Estado_alarma":"Desactivado","Fecha":"1/1/2000 3:35:27","Estado_cerco":"Sin evento","cerco_id":72}
info: URL: /put
info: Método: POST
info: Cuerpo de la solicitud: {"Estado_alarma":"Desactivado","Fecha":"1/1/2000 3:35:47","Estado_cerco":"Sin evento","cerco_id":73}
info: URL: /put
info: Método: POST
info: Cuerpo de la solicitud: {"Estado_alarma":"Desactivado","Fecha":"1/1/2000 3:36:7","Estado_cerco":"Sin evento","cerco_id":74}
info: URL: /put
info: Método: POST
info: Cuerpo de la solicitud: {"Estado_alarma":"Desactivado","Fecha":"1/1/2000 3:36:27","Estado_cerco":"Sin evento","cerco_id":75}
info: URL: /put
info: Método: POST
info: Cuerpo de la solicitud: {"Estado_alarma":"Desactivado","Fecha":"1/1/2000 3:36:47","Estado_cerco":"Sin evento","cerco_id":76}
info: URL: /put
info: Método: POST
info: Cuerpo de la solicitud: {"Estado_alarma":"Desactivado","Fecha":"1/1/2000 3:37:7","Estado_cerco":"Sin evento","cerco_id":77}
info: URL: /put
info: Método: POST
info: Cuerpo de la solicitud: {"Estado_alarma":"Desactivado","Fecha":"1/1/2000 3:37:27","Estado_cerco":"Sin evento","cerco_id":78}
info: URL: /put
info: Método: POST
info: Cuerpo de la solicitud: {"Estado_alarma":"Desactivado","Fecha":"1/1/2000 3:37:47","Estado_cerco":"Sin evento","cerco_id":79}
info: URL: /put
info: Método: POST
info: Cuerpo de la solicitud: {"Estado_alarma":"Desactivado","Fecha":"1/1/2000 3:38:8","Estado_cerco":"Sin evento","cerco_id":80}
info: URL: /put
info: Método: POST
info: Cuerpo de la solicitud: {"Estado_alarma":"Desactivado","Fecha":"1/1/2000 3:38:28","Estado_cerco":"Sin evento","cerco_id":81}
info: URL: /put
info: Método: POST
info: Cuerpo de la solicitud: {"Estado_alarma":"Desactivado","Fecha":"1/1/2000 3:38:48","Estado_cerco":"Sin evento","cerco_id":82}
info: URL: /put
info: Método: POST
info: Cuerpo de la solicitud: {"Estado_alarma":"Desactivado","Fecha":"1/1/2000 3:39:8","Estado_cerco":"Sin evento","cerco_id":83}
info: URL: /put
info: Método: POST
info: Cuerpo de la solicitud: {"Estado_alarma":"Desactivado","Fecha":"1/1/2000 3:39:28","Estado_cerco":"Sin evento","cerco_id":84}
info: URL: /put
info: Método: POST
info: Cuerpo de la solicitud: {"Estado_alarma":"Desactivado","Fecha":"1/1/2000 3:39:48","Estado_cerco":"Sin evento","cerco_id":85}
info: URL: /put
info: Método: POST
info: Cuerpo de la solicitud: {"Estado_alarma":"Desactivado","Fecha":"1/1/2000 3:40:8","Estado_cerco":"Sin evento","cerco_id":86}
info: URL: /put
info: Método: POST
info: Cuerpo de la solicitud: {"Estado_alarma":"Desactivado","Fecha":"1/1/2000 3:40:28","Estado_cerco":"Sin evento","cerco_id":87}
info: URL: /put
info: Método: POST
info: Cuerpo de la solicitud: {"Estado_alarma":"Desactivado","Fecha":"1/1/2000 3:40:49","Estado_cerco":"Sin evento","cerco_id":88}
info: URL: /put
info: Método: POST
info: Cuerpo de la solicitud: {"Estado_alarma":"Desactivado","Fecha":"1/1/2000 3:41:9","Estado_cerco":"Sin evento","cerco_id":89}
info: URL: /put
info: Método: POST
info: Cuerpo de la solicitud: {"Estado_alarma":"Desactivado","Fecha":"1/1/2000 3:41:29","Estado_cerco":"Sin evento","cerco_id":90}
info: URL: /put
info: Método: POST
info: Cuerpo de la solicitud: {"Estado_alarma":"Desactivado","Fecha":"1/1/2000 3:41:49","Estado_cerco":"Sin evento","cerco_id":91}
info: URL: /put
info: Método: POST
info: Cuerpo de la solicitud: {"Estado_alarma":"Desactivado","Fecha":"1/1/2000 3:42:9","Estado_cerco":"Sin evento","cerco_id":92}
info: URL: /put
info: Método: POST
info: Cuerpo de la solicitud: {"Estado_alarma":"Desactivado","Fecha":"1/1/2000 3:42:30","Estado_cerco":"Sin evento","cerco_id":93}
info: URL: /video
info: Método: GET
info: URL: /video
info: Método: GET
info: URL: /video
info: Método: GET
info: URL: /put
info: Método: POST
info: Cuerpo de la solicitud: {"Estado_alarma":"Desactivado","Fecha":"1/1/2000 3:42:50","Estado_cerco":"Sin evento","cerco_id":94}
info: URL: /video
info: Método: GET
info: URL: /video
info: Método: GET
info: URL: /video
info: Método: GET
info: URL: /video
info: Método: GET
info: URL: /put
info: Método: POST
info: Cuerpo de la solicitud: {"Estado_alarma":"Desactivado","Fecha":"1/1/2000 3:43:10","Estado_cerco":"Sin evento","cerco_id":95}
info: URL: /last_video
info: Método: GET
info: URL: /put
info: Método: POST
info: Cuerpo de la solicitud: {"Estado_alarma":"Desactivado","Fecha":"1/1/2000 3:43:31","Estado_cerco":"Sin evento","cerco_id":96}
info: URL: /put
info: Método: POST
info: Cuerpo de la solicitud: {"Estado_alarma":"Desactivado","Fecha":"1/1/2000 3:43:51","Estado_cerco":"Sin evento","cerco_id":97}
info: URL: /put
info: Método: POST
info: Cuerpo de la solicitud: {"Estado_alarma":"Desactivado","Fecha":"1/1/2000 3:44:11","Estado_cerco":"Sin evento","cerco_id":98}
info: URL: /put
info: Método: POST
info: Cuerpo de la solicitud: {"Estado_alarma":"Desactivado","Fecha":"1/1/2000 3:44:31","Estado_cerco":"Sin evento","cerco_id":99}
info: URL: /put
info: Método: POST
info: Cuerpo de la solicitud: {"Estado_alarma":"Desactivado","Fecha":"1/1/2000 3:44:51","Estado_cerco":"Sin evento","cerco_id":100}
info: URL: /put
info: Método: POST
info: Cuerpo de la solicitud: {"Estado_alarma":"Desactivado","Fecha":"1/1/2000 3:45:11","Estado_cerco":"Sin evento","cerco_id":101}
info: URL: /put
info: Método: POST
info: Cuerpo de la solicitud: {"Estado_alarma":"Desactivado","Fecha":"1/1/2000 3:45:31","Estado_cerco":"Sin evento","cerco_id":102}
info: URL: /put
info: Método: POST
info: Cuerpo de la solicitud: {"Estado_alarma":"Desactivado","Fecha":"1/1/2000 3:45:51","Estado_cerco":"Sin evento","cerco_id":103}
info: URL: /put
info: Método: POST
info: Cuerpo de la solicitud: {"Estado_alarma":"Desactivado","Fecha":"1/1/2000 3:46:12","Estado_cerco":"Sin evento","cerco_id":104}
info: URL: /put
info: Método: POST
info: Cuerpo de la solicitud: {"Estado_alarma":"Desactivado","Fecha":"1/1/2000 3:46:32","Estado_cerco":"Sin evento","cerco_id":105}
info: URL: /put
info: Método: POST
info: Cuerpo de la solicitud: {"Estado_alarma":"Desactivado","Fecha":"1/1/2000 3:46:52","Estado_cerco":"Sin evento","cerco_id":106}
info: URL: /put
info: Método: POST
info: Cuerpo de la solicitud: {"Estado_alarma":"Desactivado","Fecha":"1/1/2000 3:47:12","Estado_cerco":"Sin evento","cerco_id":107}
info: URL: /put
info: Método: POST
info: Cuerpo de la solicitud: {"Estado_alarma":"Desactivado","Fecha":"1/1/2000 3:47:33","Estado_cerco":"Sin evento","cerco_id":108}
info: URL: /put
info: Método: POST
info: Cuerpo de la solicitud: {"Estado_alarma":"Desactivado","Fecha":"1/1/2000 3:47:53","Estado_cerco":"Sin evento","cerco_id":109}
info: URL: /put
info: Método: POST
info: Cuerpo de la solicitud: {"Estado_alarma":"Desactivado","Fecha":"1/1/2000 3:48:13","Estado_cerco":"Sin evento","cerco_id":110}
info: URL: /put
info: Método: POST
info: Cuerpo de la solicitud: {"Estado_alarma":"Desactivado","Fecha":"1/1/2000 3:48:33","Estado_cerco":"Sin evento","cerco_id":111}
info: URL: /put
info: Método: POST
info: Cuerpo de la solicitud: {"Estado_alarma":"Desactivado","Fecha":"1/1/2000 3:48:53","Estado_cerco":"Sin evento","cerco_id":112}
info: URL: /put
info: Método: POST
info: Cuerpo de la solicitud: {"Estado_alarma":"Desactivado","Fecha":"1/1/2000 3:49:13","Estado_cerco":"Sin evento","cerco_id":113}
info: URL: /put
info: Método: POST
info: Cuerpo de la solicitud: {"Estado_alarma":"Desactivado","Fecha":"1/1/2000 3:49:33","Estado_cerco":"Sin evento","cerco_id":114}
info: URL: /put
info: Método: POST
info: Cuerpo de la solicitud: {"Estado_alarma":"Desactivado","Fecha":"1/1/2000 3:49:54","Estado_cerco":"Sin evento","cerco_id":115}
info: URL: /put
info: Método: POST
info: Cuerpo de la solicitud: {"Estado_alarma":"Desactivado","Fecha":"1/1/2000 3:50:14","Estado_cerco":"Sin evento","cerco_id":116}
info: URL: /put
info: Método: POST
info: Cuerpo de la solicitud: {"Estado_alarma":"Desactivado","Fecha":"1/1/2000 3:50:34","Estado_cerco":"Sin evento","cerco_id":117}
info: URL: /put
info: Método: POST
info: Cuerpo de la solicitud: {"Estado_alarma":"Desactivado","Fecha":"1/1/2000 3:50:54","Estado_cerco":"Sin evento","cerco_id":118}
info: URL: /put
info: Método: POST
info: Cuerpo de la solicitud: {"Estado_alarma":"Desactivado","Fecha":"1/1/2000 3:51:14","Estado_cerco":"Sin evento","cerco_id":119}
info: URL: /put
info: Método: POST
info: Cuerpo de la solicitud: {"Estado_alarma":"Desactivado","Fecha":"1/1/2000 3:51:34","Estado_cerco":"Sin evento","cerco_id":120}
info: URL: /put
info: Método: POST
info: Cuerpo de la solicitud: {"Estado_alarma":"Desactivado","Fecha":"1/1/2000 3:51:54","Estado_cerco":"Sin evento","cerco_id":121}
info: URL: /put
info: Método: POST
info: Cuerpo de la solicitud: {"Estado_alarma":"Desactivado","Fecha":"1/1/2000 3:52:14","Estado_cerco":"Sin evento","cerco_id":122}
info: URL: /put
info: Método: POST
info: Cuerpo de la solicitud: {"Estado_alarma":"Desactivado","Fecha":"1/1/2000 3:52:34","Estado_cerco":"Sin evento","cerco_id":123}
info: URL: /put
info: Método: POST
info: Cuerpo de la solicitud: {"Estado_alarma":"Desactivado","Fecha":"1/1/2000 3:52:55","Estado_cerco":"Sin evento","cerco_id":124}
info: URL: /put
info: Método: POST
info: Cuerpo de la solicitud: {"Estado_alarma":"Desactivado","Fecha":"1/1/2000 3:53:15","Estado_cerco":"Sin evento","cerco_id":125}
info: URL: /put
info: Método: POST
info: Cuerpo de la solicitud: {"Estado_alarma":"Desactivado","Fecha":"1/1/2000 3:53:35","Estado_cerco":"Sin evento","cerco_id":126}
info: URL: /put
info: Método: POST
info: Cuerpo de la solicitud: {"Estado_alarma":"Desactivado","Fecha":"1/1/2000 3:53:55","Estado_cerco":"Sin evento","cerco_id":127}
info: URL: /put
info: Método: POST
info: Cuerpo de la solicitud: {"Estado_alarma":"Desactivado","Fecha":"1/1/2000 3:54:15","Estado_cerco":"Sin evento","cerco_id":128}
info: URL: /put
info: Método: POST
info: Cuerpo de la solicitud: {"Estado_alarma":"Desactivado","Fecha":"1/1/2000 3:54:36","Estado_cerco":"Sin evento","cerco_id":129}
info: URL: /put
info: Método: POST
info: Cuerpo de la solicitud: {"Estado_alarma":"Desactivado","Fecha":"1/1/2000 3:54:56","Estado_cerco":"Sin evento","cerco_id":130}
info: URL: /put
info: Método: POST
info: Cuerpo de la solicitud: {"Estado_alarma":"Desactivado","Fecha":"1/1/2000 3:55:16","Estado_cerco":"Sin evento","cerco_id":131}
info: URL: /put
info: Método: POST
info: Cuerpo de la solicitud: {"Estado_alarma":"Desactivado","Fecha":"1/1/2000 3:55:36","Estado_cerco":"Sin evento","cerco_id":132}
info: URL: /put
info: Método: POST
info: Cuerpo de la solicitud: {"Estado_alarma":"Desactivado","Fecha":"1/1/2000 3:55:56","Estado_cerco":"Sin evento","cerco_id":133}
info: URL: /put
info: Método: POST
info: Cuerpo de la solicitud: {"Estado_alarma":"Desactivado","Fecha":"1/1/2000 3:56:17","Estado_cerco":"Sin evento","cerco_id":134}
info: URL: /put
info: Método: POST
info: Cuerpo de la solicitud: {"Estado_alarma":"Desactivado","Fecha":"1/1/2000 3:56:37","Estado_cerco":"Sin evento","cerco_id":135}
info: URL: /put
info: Método: POST
info: Cuerpo de la solicitud: {"Estado_alarma":"Desactivado","Fecha":"1/1/2000 3:56:57","Estado_cerco":"Sin evento","cerco_id":136}
info: URL: /put
info: Método: POST
info: Cuerpo de la solicitud: {"Estado_alarma":"Desactivado","Fecha":"1/1/2000 3:57:17","Estado_cerco":"Sin evento","cerco_id":137}
info: URL: /put
info: Método: POST
info: Cuerpo de la solicitud: {"Estado_alarma":"Desactivado","Fecha":"1/1/2000 3:57:37","Estado_cerco":"Sin evento","cerco_id":138}
info: URL: /put
info: Método: POST
info: Cuerpo de la solicitud: {"Estado_alarma":"Desactivado","Fecha":"1/1/2000 3:57:57","Estado_cerco":"Sin evento","cerco_id":139}
info: URL: /put
info: Método: POST
info: Cuerpo de la solicitud: {"Estado_alarma":"Desactivado","Fecha":"1/1/2000 3:58:17","Estado_cerco":"Sin evento","cerco_id":140}
info: URL: /put
info: Método: POST
info: Cuerpo de la solicitud: {"Estado_alarma":"Desactivado","Fecha":"1/1/2000 3:58:38","Estado_cerco":"Sin evento","cerco_id":141}
info: URL: /put
info: Método: POST
info: Cuerpo de la solicitud: {"Estado_alarma":"Desactivado","Fecha":"1/1/2000 3:58:58","Estado_cerco":"Sin evento","cerco_id":142}
info: URL: /put
info: Método: POST
info: Cuerpo de la solicitud: {"Estado_alarma":"Desactivado","Fecha":"1/1/2000 3:59:18","Estado_cerco":"Sin evento","cerco_id":143}
info: URL: /put
info: Método: POST
info: Cuerpo de la solicitud: {"Estado_alarma":"Desactivado","Fecha":"1/1/2000 3:59:38","Estado_cerco":"Sin evento","cerco_id":144}
info: URL: /put
info: Método: POST
info: Cuerpo de la solicitud: {"Estado_alarma":"Desactivado","Fecha":"1/1/2000 3:59:58","Estado_cerco":"Sin evento","cerco_id":145}
info: URL: /put
info: Método: POST
info: Cuerpo de la solicitud: {"Estado_alarma":"Desactivado","Fecha":"1/1/2000 4:0:18","Estado_cerco":"Sin evento","cerco_id":146}
info: URL: /put
info: Método: POST
info: Cuerpo de la solicitud: {"Estado_alarma":"Desactivado","Fecha":"1/1/2000 4:0:38","Estado_cerco":"Sin evento","cerco_id":147}
info: URL: /put
info: Método: POST
info: Cuerpo de la solicitud: {"Estado_alarma":"Desactivado","Fecha":"1/1/2000 4:0:59","Estado_cerco":"Sin evento","cerco_id":148}
info: URL: /put
info: Método: POST
info: Cuerpo de la solicitud: {"Estado_alarma":"Desactivado","Fecha":"1/1/2000 4:1:19","Estado_cerco":"Sin evento","cerco_id":149}
info: URL: /put
info: Método: POST
info: Cuerpo de la solicitud: {"Estado_alarma":"Desactivado","Fecha":"1/1/2000 4:1:39","Estado_cerco":"Sin evento","cerco_id":150}
info: URL: /put
info: Método: POST
info: Cuerpo de la solicitud: {"Estado_alarma":"Desactivado","Fecha":"1/1/2000 4:1:59","Estado_cerco":"Sin evento","cerco_id":151}
info: URL: /put
info: Método: POST
info: Cuerpo de la solicitud: {"Estado_alarma":"Desactivado","Fecha":"1/1/2000 4:2:19","Estado_cerco":"Sin evento","cerco_id":152}
info: URL: /put
info: Método: POST
info: Cuerpo de la solicitud: {"Estado_alarma":"Desactivado","Fecha":"1/1/2000 4:2:39","Estado_cerco":"Sin evento","cerco_id":153}
info: URL: /put
info: Método: POST
info: Cuerpo de la solicitud: {"Estado_alarma":"Desactivado","Fecha":"1/1/2000 4:2:59","Estado_cerco":"Sin evento","cerco_id":154}
info: URL: /put
info: Método: POST
info: Cuerpo de la solicitud: {"Estado_alarma":"Desactivado","Fecha":"1/1/2000 4:3:19","Estado_cerco":"Sin evento","cerco_id":155}
info: URL: /put
info: Método: POST
info: Cuerpo de la solicitud: {"Estado_alarma":"Desactivado","Fecha":"1/1/2000 4:3:40","Estado_cerco":"Sin evento","cerco_id":156}
info: URL: /put
info: Método: POST
info: Cuerpo de la solicitud: {"Estado_alarma":"Desactivado","Fecha":"1/1/2000 4:4:0","Estado_cerco":"Sin evento","cerco_id":157}
info: URL: /put
info: Método: POST
info: Cuerpo de la solicitud: {"Estado_alarma":"Desactivado","Fecha":"1/1/2000 4:4:20","Estado_cerco":"Sin evento","cerco_id":158}
info: URL: /put
info: Método: POST
info: Cuerpo de la solicitud: {"Estado_alarma":"Desactivado","Fecha":"1/1/2000 4:4:40","Estado_cerco":"Sin evento","cerco_id":159}
info: URL: /put
info: Método: POST
info: Cuerpo de la solicitud: {"Estado_alarma":"Desactivado","Fecha":"1/1/2000 4:5:0","Estado_cerco":"Sin evento","cerco_id":160}
info: URL: /put
info: Método: POST
info: Cuerpo de la solicitud: {"Estado_alarma":"Desactivado","Fecha":"1/1/2000 4:5:20","Estado_cerco":"Sin evento","cerco_id":161}
info: URL: /put
info: Método: POST
info: Cuerpo de la solicitud: {"Estado_alarma":"Desactivado","Fecha":"1/1/2000 4:5:41","Estado_cerco":"Sin evento","cerco_id":162}
info: URL: /put
info: Método: POST
info: Cuerpo de la solicitud: {"Estado_alarma":"Desactivado","Fecha":"1/1/2000 4:6:1","Estado_cerco":"Sin evento","cerco_id":163}
info: URL: /put
info: Método: POST
info: Cuerpo de la solicitud: {"Estado_alarma":"Desactivado","Fecha":"1/1/2000 4:6:21","Estado_cerco":"Sin evento","cerco_id":164}
info: URL: /put
info: Método: POST
info: Cuerpo de la solicitud: {"Estado_alarma":"Desactivado","Fecha":"1/1/2000 4:6:41","Estado_cerco":"Sin evento","cerco_id":165}
info: URL: /put
info: Método: POST
info: Cuerpo de la solicitud: {"Estado_alarma":"Desactivado","Fecha":"1/1/2000 4:7:2","Estado_cerco":"Sin evento","cerco_id":166}
info: URL: /put
info: Método: POST
info: Cuerpo de la solicitud: {"Estado_alarma":"Desactivado","Fecha":"1/1/2000 4:7:22","Estado_cerco":"Sin evento","cerco_id":167}
info: URL: /put
info: Método: POST
info: Cuerpo de la solicitud: {"Estado_alarma":"Desactivado","Fecha":"1/1/2000 4:7:42","Estado_cerco":"Sin evento","cerco_id":168}
info: URL: /put
info: Método: POST
info: Cuerpo de la solicitud: {"Estado_alarma":"Desactivado","Fecha":"1/1/2000 4:8:2","Estado_cerco":"Sin evento","cerco_id":169}
info: URL: /put
info: Método: POST
info: Cuerpo de la solicitud: {"Estado_alarma":"Desactivado","Fecha":"1/1/2000 4:8:22","Estado_cerco":"Sin evento","cerco_id":170}
info: URL: /put
info: Método: POST
info: Cuerpo de la solicitud: {"Estado_alarma":"Activado","Fecha":"1/1/2000 4:8:28","Estado_cerco":"Con evento","cerco_id":171}
info: URL: /put
info: Método: POST
info: Cuerpo de la solicitud: {"Estado_alarma":"Activado","Fecha":"1/1/2000 4:8:43","Estado_cerco":"Con evento","cerco_id":172}
info: URL: /put
info: Método: POST
info: Cuerpo de la solicitud: {"Estado_alarma":"Desactivado","Fecha":"1/1/2000 4:8:52","Estado_cerco":"Sin evento","cerco_id":173}
info: Function get_last_video Memory usage at start: 58.09765625 MB
info: URL: /put
info: Método: POST
info: Cuerpo de la solicitud: {"Estado_alarma":"Desactivado","Fecha":"1/1/2000 4:10:5","Estado_cerco":"Sin evento","cerco_id":177}
info: URL: /put
info: Método: POST
info: Cuerpo de la solicitud: {"Estado_alarma":"Activado","Fecha":"1/1/2000 4:10:20","Estado_cerco":"Con evento","cerco_id":178}
info: URL: /put
info: Método: POST
info: Cuerpo de la solicitud: {"Estado_alarma":"Activado","Fecha":"1/1/2000 4:10:26","Estado_cerco":"Con evento","cerco_id":179}
info: URL: /put
info: Método: POST
info: Cuerpo de la solicitud: {"Estado_alarma":"Desactivado","Fecha":"1/1/2000 4:10:31","Estado_cerco":"Sin evento","cerco_id":180}
info: Function get_last_video Memory usage at start: 56.55078125 MB
info: Function get_last_video Memory usage at end: 56.6796875 MB
info: Function get_last_video Memory usage difference: 0.13 MB
info: Function get_last_video Elapsed time: 0.32119999999849824 milliseconds
info: Function get_last_video Network usage: {"Wi-Fi":{"fe80::115:6003:5112:6fb7":{"received":null,"transmitted":null},"192.168.150.101":{"received":null,"transmitted":null}},"Loopback Pseudo-Interface 1":{"::1":{"received":null,"transmitted":null},"127.0.0.1":{"received":null,"transmitted":null}}}
info: Function convert_video avi2mp4 Memory usage at start: 56.43359375 MB
info: Function convert_video avi2mp4 Memory usage at end: 56.66796875 MB
info: Function convert_video avi2mp4 Memory usage difference: 0.23 MB
info: Function convert_video avi2mp4 Elapsed time: 35.738399999998364 milliseconds
info: Function convert_video avi2mp4 Network usage: {"Wi-Fi":{"fe80::115:6003:5112:6fb7":{"received":null,"transmitted":null},"192.168.150.101":{"received":null,"transmitted":null}},"Loopback Pseudo-Interface 1":{"::1":{"received":null,"transmitted":null},"127.0.0.1":{"received":null,"transmitted":null}}}
info: Function convert_video avi2mp4 CPU usage: 0.0000%
info: Datos registrados en el archivo CSV: test.csv
info: Function get_last_video CPU usage: 0.0000%
info: Datos registrados en el archivo CSV: test.csv
info: Function main Memory usage at start: 57.3125 MB
info: Function main Memory usage at end: 57.0625 MB
info: Function main Memory usage difference: -0.25 MB
info: Function main Elapsed time: 8.82629999999699 milliseconds
info: Function main Network usage: {"Wi-Fi":{"fe80::115:6003:5112:6fb7":{"received":null,"transmitted":null},"192.168.150.101":{"received":null,"transmitted":null}},"Loopback Pseudo-Interface 1":{"::1":{"received":null,"transmitted":null},"127.0.0.1":{"received":null,"transmitted":null}}}
info: Function main Memory usage at start: 57.70703125 MB
info: Function main Memory usage at end: 58.22265625 MB
info: Function main Memory usage difference: 0.52 MB
info: Function main Elapsed time: 4.072900000002846 milliseconds
info: Function main Network usage: {"Wi-Fi":{"fe80::115:6003:5112:6fb7":{"received":null,"transmitted":null},"192.168.150.101":{"received":null,"transmitted":null}},"Loopback Pseudo-Interface 1":{"::1":{"received":null,"transmitted":null},"127.0.0.1":{"received":null,"transmitted":null}}}
info: Function main Memory usage at start: 57.2265625 MB
info: Function main Memory usage at end: 57.8359375 MB
info: Function main Memory usage difference: 0.61 MB
info: Function main Elapsed time: 4.015500000001339 milliseconds
info: Function main Network usage: {"Wi-Fi":{"fe80::115:6003:5112:6fb7":{"received":null,"transmitted":null},"192.168.150.101":{"received":null,"transmitted":null}},"Loopback Pseudo-Interface 1":{"::1":{"received":null,"transmitted":null},"127.0.0.1":{"received":null,"transmitted":null}}}
info: Function main CPU usage: 13.2500%
info: Datos registrados en el archivo CSV: test.csv
info: Function main Memory usage at start: 57.28125 MB
info: Function main Memory usage at end: 57.75390625 MB
info: Function main Memory usage difference: 0.47 MB
info: Function main Elapsed time: 12.415500000002794 milliseconds
info: Function main Network usage: {"Wi-Fi":{"fe80::115:6003:5112:6fb7":{"received":null,"transmitted":null},"192.168.150.101":{"received":null,"transmitted":null}},"Loopback Pseudo-Interface 1":{"::1":{"received":null,"transmitted":null},"127.0.0.1":{"received":null,"transmitted":null}}}
info: Function main Memory usage at start: 58.125 MB
info: Function main Memory usage at end: 58.453125 MB
info: Function main Memory usage difference: 0.33 MB
info: Function main Elapsed time: 105.69599999999991 milliseconds
info: Function main Network usage: {"Wi-Fi":{"fe80::115:6003:5112:6fb7":{"received":null,"transmitted":null},"192.168.150.101":{"received":null,"transmitted":null}},"Loopback Pseudo-Interface 1":{"::1":{"received":null,"transmitted":null},"127.0.0.1":{"received":null,"transmitted":null}}}
info: Function main CPU usage: 3.1000%
info: Function main CPU usage: 0.0000%
info: Function main Memory usage at start: 58.7734375 MB
info: Function main Memory usage at end: 59.32421875 MB
info: Function main Memory usage difference: 0.55 MB
info: Function main Elapsed time: 37.12589999999909 milliseconds
info: Function main Network usage: {"Wi-Fi":{"fe80::115:6003:5112:6fb7":{"received":null,"transmitted":null},"192.168.150.101":{"received":null,"transmitted":null}},"Loopback Pseudo-Interface 1":{"::1":{"received":null,"transmitted":null},"127.0.0.1":{"received":null,"transmitted":null}}}
info: Datos registrados en el archivo CSV: test.csv
info: Datos registrados en el archivo CSV: test.csv
info: Function main Memory usage at start: 60.00390625 MB
info: Function main Memory usage at end: 60.09375 MB
info: Function main Memory usage difference: 0.09 MB
info: Function main Elapsed time: 94.2957000000024 milliseconds
info: Function main Network usage: {"Wi-Fi":{"fe80::115:6003:5112:6fb7":{"received":null,"transmitted":null},"192.168.150.101":{"received":null,"transmitted":null}},"Loopback Pseudo-Interface 1":{"::1":{"received":null,"transmitted":null},"127.0.0.1":{"received":null,"transmitted":null}}}
info: Function main CPU usage: 0.0000%
info: Function main Memory usage at start: 60.0859375 MB
info: Function main Memory usage at end: 60.546875 MB
info: Function main Memory usage difference: 0.46 MB
info: Function main Elapsed time: 4.081099999999424 milliseconds
info: Function main Network usage: {"Wi-Fi":{"fe80::115:6003:5112:6fb7":{"received":null,"transmitted":null},"192.168.150.101":{"received":null,"transmitted":null}},"Loopback Pseudo-Interface 1":{"::1":{"received":null,"transmitted":null},"127.0.0.1":{"received":null,"transmitted":null}}}
info: Datos registrados en el archivo CSV: test.csv
info: Function main Memory usage at start: 61.22265625 MB
info: Function main Memory usage at end: 61.75 MB
info: Function main Memory usage difference: 0.53 MB
info: Function main Elapsed time: 19.817199999997683 milliseconds
info: Function main Network usage: {"Wi-Fi":{"fe80::115:6003:5112:6fb7":{"received":null,"transmitted":null},"192.168.150.101":{"received":null,"transmitted":null}},"Loopback Pseudo-Interface 1":{"::1":{"received":null,"transmitted":null},"127.0.0.1":{"received":null,"transmitted":null}}}
info: Function main CPU usage: 10.9000%
info: Datos registrados en el archivo CSV: test.csv
info: Function main Memory usage at start: 61.8671875 MB
info: Function main Memory usage at end: 62.15625 MB
info: Function main Memory usage difference: 0.29 MB
info: Function main Elapsed time: 3.8431000000018685 milliseconds
info: Function main Network usage: {"Wi-Fi":{"fe80::115:6003:5112:6fb7":{"received":null,"transmitted":null},"192.168.150.101":{"received":null,"transmitted":null}},"Loopback Pseudo-Interface 1":{"::1":{"received":null,"transmitted":null},"127.0.0.1":{"received":null,"transmitted":null}}}
info: Function main CPU usage: 0.0000%
info: Function main CPU usage: 0.0000%
info: Datos registrados en el archivo CSV: test.csv
info: Datos registrados en el archivo CSV: test.csv
info: Function main CPU usage: 0.0000%
info: Datos registrados en el archivo CSV: test.csv
info: Function main CPU usage: 0.0000%
info: Datos registrados en el archivo CSV: test.csv
info: Function main CPU usage: 0.0000%
info: Datos registrados en el archivo CSV: test.csv
info: Function main Memory usage at start: 67.36328125 MB
info: Function main Memory usage at end: 67.64453125 MB
info: Function main Memory usage difference: 0.28 MB
info: Function main Elapsed time: 5.164600000000064 milliseconds
info: Function main Network usage: {"Wi-Fi":{"fe80::115:6003:5112:6fb7":{"received":null,"transmitted":null},"192.168.150.101":{"received":null,"transmitted":null}},"Loopback Pseudo-Interface 1":{"::1":{"received":null,"transmitted":null},"127.0.0.1":{"received":null,"transmitted":null}}}
info: Function main CPU usage: 10.9000%
info: Datos registrados en el archivo CSV: test.csv
info: URL: /put
info: Método: POST
info: Cuerpo de la solicitud: {"Estado_alarma":"Desactivado","Fecha":"1/1/2000 4:10:46","Estado_cerco":"Sin evento","cerco_id":181}
info: URL: /put
info: Método: POST
info: Cuerpo de la solicitud: {"Estado_alarma":"Desactivado","Fecha":"1/1/2000 4:11:6","Estado_cerco":"Sin evento","cerco_id":182}
info: URL: /put
info: Método: POST
info: Cuerpo de la solicitud: {"Estado_alarma":"Desactivado","Fecha":"1/1/2000 4:11:27","Estado_cerco":"Sin evento","cerco_id":183}
info: URL: /put
info: Método: POST
info: Cuerpo de la solicitud: {"Estado_alarma":"Desactivado","Fecha":"1/1/2000 4:11:47","Estado_cerco":"Sin evento","cerco_id":184}
info: URL: /put
info: Método: POST
info: Cuerpo de la solicitud: {"Estado_alarma":"Desactivado","Fecha":"1/1/2000 4:12:7","Estado_cerco":"Sin evento","cerco_id":185}
info: URL: /put
info: Método: POST
info: Cuerpo de la solicitud: {"Estado_alarma":"Desactivado","Fecha":"1/1/2000 4:12:27","Estado_cerco":"Sin evento","cerco_id":186}
info: URL: /put
info: Método: POST
info: Cuerpo de la solicitud: {"Estado_alarma":"Desactivado","Fecha":"1/1/2000 4:12:48","Estado_cerco":"Sin evento","cerco_id":187}
info: URL: /put
info: Método: POST
info: Cuerpo de la solicitud: {"Estado_alarma":"Desactivado","Fecha":"1/1/2000 4:13:8","Estado_cerco":"Sin evento","cerco_id":188}
info: URL: /put
info: Método: POST
info: Cuerpo de la solicitud: {"Estado_alarma":"Desactivado","Fecha":"1/1/2000 4:13:28","Estado_cerco":"Sin evento","cerco_id":189}
info: URL: /put
info: Método: POST
info: Cuerpo de la solicitud: {"Estado_alarma":"Desactivado","Fecha":"1/1/2000 4:13:48","Estado_cerco":"Sin evento","cerco_id":190}
info: URL: /put
info: Método: POST
info: Cuerpo de la solicitud: {"Estado_alarma":"Desactivado","Fecha":"1/1/2000 4:14:8","Estado_cerco":"Sin evento","cerco_id":191}
info: URL: /put
info: Método: POST
info: Cuerpo de la solicitud: {"Estado_alarma":"Desactivado","Fecha":"1/1/2000 4:14:29","Estado_cerco":"Sin evento","cerco_id":192}
info: URL: /put
info: Método: POST
info: Cuerpo de la solicitud: {"Estado_alarma":"Desactivado","Fecha":"1/1/2000 4:14:49","Estado_cerco":"Sin evento","cerco_id":193}
info: URL: /put
info: Método: POST
info: Cuerpo de la solicitud: {"Estado_alarma":"Desactivado","Fecha":"1/1/2000 4:15:9","Estado_cerco":"Sin evento","cerco_id":194}
info: URL: /put
info: Método: POST
info: Cuerpo de la solicitud: {"Estado_alarma":"Desactivado","Fecha":"1/1/2000 4:15:29","Estado_cerco":"Sin evento","cerco_id":195}
info: URL: /put
info: Método: POST
info: Cuerpo de la solicitud: {"Estado_alarma":"Desactivado","Fecha":"1/1/2000 4:15:49","Estado_cerco":"Sin evento","cerco_id":196}
info: URL: /put
info: Método: POST
info: Cuerpo de la solicitud: {"Estado_alarma":"Desactivado","Fecha":"1/1/2000 4:16:9","Estado_cerco":"Sin evento","cerco_id":197}
info: URL: /put
info: Método: POST
info: Cuerpo de la solicitud: {"Estado_alarma":"Desactivado","Fecha":"1/1/2000 4:16:30","Estado_cerco":"Sin evento","cerco_id":198}
info: URL: /put
info: Método: POST
info: Cuerpo de la solicitud: {"Estado_alarma":"Desactivado","Fecha":"1/1/2000 4:16:50","Estado_cerco":"Sin evento","cerco_id":199}
info: URL: /put
info: Método: POST
info: Cuerpo de la solicitud: {"Estado_alarma":"Desactivado","Fecha":"1/1/2000 4:17:10","Estado_cerco":"Sin evento","cerco_id":0}
info: URL: /put
info: Método: POST
info: Cuerpo de la solicitud: {"Estado_alarma":"Desactivado","Fecha":"1/1/2000 4:17:30","Estado_cerco":"Sin evento","cerco_id":1}
info: URL: /put
info: Método: POST
info: Cuerpo de la solicitud: {"Estado_alarma":"Desactivado","Fecha":"1/1/2000 4:17:50","Estado_cerco":"Sin evento","cerco_id":2}
info: URL: /put
info: Método: POST
info: Cuerpo de la solicitud: {"Estado_alarma":"Desactivado","Fecha":"1/1/2000 4:18:10","Estado_cerco":"Sin evento","cerco_id":3}
info: URL: /put
info: Método: POST
info: Cuerpo de la solicitud: {"Estado_alarma":"Desactivado","Fecha":"1/1/2000 4:18:30","Estado_cerco":"Sin evento","cerco_id":4}
info: URL: /put
info: Método: POST
info: Cuerpo de la solicitud: {"Estado_alarma":"Desactivado","Fecha":"1/1/2000 4:18:51","Estado_cerco":"Sin evento","cerco_id":5}
info: URL: /put
info: Método: POST
info: Cuerpo de la solicitud: {"Estado_alarma":"Desactivado","Fecha":"1/1/2000 4:19:11","Estado_cerco":"Sin evento","cerco_id":6}
info: URL: /put
info: Método: POST
info: Cuerpo de la solicitud: {"Estado_alarma":"Desactivado","Fecha":"1/1/2000 4:19:31","Estado_cerco":"Sin evento","cerco_id":7}
info: URL: /put
info: Método: POST
info: Cuerpo de la solicitud: {"Estado_alarma":"Desactivado","Fecha":"1/1/2000 4:19:51","Estado_cerco":"Sin evento","cerco_id":8}
info: URL: /put
info: Método: POST
info: Cuerpo de la solicitud: {"Estado_alarma":"Desactivado","Fecha":"1/1/2000 4:20:11","Estado_cerco":"Sin evento","cerco_id":9}
info: URL: /put
info: Método: POST
info: Cuerpo de la solicitud: {"Estado_alarma":"Desactivado","Fecha":"1/1/2000 4:20:31","Estado_cerco":"Sin evento","cerco_id":10}
info: URL: /put
info: Método: POST
info: Cuerpo de la solicitud: {"Estado_alarma":"Desactivado","Fecha":"1/1/2000 4:20:52","Estado_cerco":"Sin evento","cerco_id":11}
info: URL: /put
info: Método: POST
info: Cuerpo de la solicitud: {"Estado_alarma":"Activado","Fecha":"1/1/2000 4:21:7","Estado_cerco":"Con evento","cerco_id":12}
info: URL: /put
info: Método: POST
info: Cuerpo de la solicitud: {"Estado_alarma":"Activado","Fecha":"1/1/2000 4:21:12","Estado_cerco":"Con evento","cerco_id":13}
info: URL: /put
info: Método: POST
info: Cuerpo de la solicitud: {"Estado_alarma":"Activado","Fecha":"1/1/2000 4:21:32","Estado_cerco":"Con evento","cerco_id":14}
info: URL: /put
info: Método: POST
info: Cuerpo de la solicitud: {"Estado_alarma":"Desactivado","Fecha":"1/1/2000 4:21:35","Estado_cerco":"Sin evento","cerco_id":15}
info: Function get_last_video Memory usage at start: 65.828125 MB
info: Function get_last_video Memory usage at end: 65.96484375 MB
info: Function get_last_video Memory usage difference: 0.14 MB
info: Function get_last_video Elapsed time: 0.5518000000156462 milliseconds
info: Function get_last_video Network usage: {"Wi-Fi":{"fe80::115:6003:5112:6fb7":{"received":null,"transmitted":null},"192.168.150.101":{"received":null,"transmitted":null}},"Loopback Pseudo-Interface 1":{"::1":{"received":null,"transmitted":null},"127.0.0.1":{"received":null,"transmitted":null}}}
info: Function convert_video avi2mp4 Memory usage at start: 66.23046875 MB
info: Function convert_video avi2mp4 Memory usage at end: 66.44140625 MB
info: Function convert_video avi2mp4 Memory usage difference: 0.21 MB
info: Function convert_video avi2mp4 Elapsed time: 17.70360000000801 milliseconds
info: Function convert_video avi2mp4 Network usage: {"Wi-Fi":{"fe80::115:6003:5112:6fb7":{"received":null,"transmitted":null},"192.168.150.101":{"received":null,"transmitted":null}},"Loopback Pseudo-Interface 1":{"::1":{"received":null,"transmitted":null},"127.0.0.1":{"received":null,"transmitted":null}}}
info: Function convert_video avi2mp4 CPU usage: 0.0000%
info: Datos registrados en el archivo CSV: test.csv
info: Function get_last_video CPU usage: 0.0000%
info: Datos registrados en el archivo CSV: test.csv
info: Function main Memory usage at start: 66.19921875 MB
info: Function main Memory usage at end: 65.87109375 MB
info: Function main Memory usage difference: -0.33 MB
info: Function main Elapsed time: 5.085399999981746 milliseconds
info: Function main Network usage: {"Wi-Fi":{"fe80::115:6003:5112:6fb7":{"received":null,"transmitted":null},"192.168.150.101":{"received":null,"transmitted":null}},"Loopback Pseudo-Interface 1":{"::1":{"received":null,"transmitted":null},"127.0.0.1":{"received":null,"transmitted":null}}}
info: Function main CPU usage: 2.7333%
info: Datos registrados en el archivo CSV: test.csv
info: URL: /put
info: Método: POST
info: Cuerpo de la solicitud: {"Estado_alarma":"Desactivado","Fecha":"1/1/2000 4:21:52","Estado_cerco":"Sin evento","cerco_id":16}
info: URL: /put
info: Método: POST
info: Cuerpo de la solicitud: {"Estado_alarma":"Desactivado","Fecha":"1/1/2000 4:22:13","Estado_cerco":"Sin evento","cerco_id":17}
info: URL: /put
info: Método: POST
info: Cuerpo de la solicitud: {"Estado_alarma":"Desactivado","Fecha":"1/1/2000 4:22:33","Estado_cerco":"Sin evento","cerco_id":18}
info: URL: /put
info: Método: POST
info: Cuerpo de la solicitud: {"Estado_alarma":"Desactivado","Fecha":"1/1/2000 4:22:53","Estado_cerco":"Sin evento","cerco_id":19}
info: URL: /put
info: Método: POST
info: Cuerpo de la solicitud: {"Estado_alarma":"Desactivado","Fecha":"1/1/2000 4:23:13","Estado_cerco":"Sin evento","cerco_id":20}
info: URL: /put
info: Método: POST
info: Cuerpo de la solicitud: {"Estado_alarma":"Desactivado","Fecha":"1/1/2000 4:23:33","Estado_cerco":"Sin evento","cerco_id":21}
info: URL: /put
info: Método: POST
info: Cuerpo de la solicitud: {"Estado_alarma":"Desactivado","Fecha":"1/1/2000 4:23:53","Estado_cerco":"Sin evento","cerco_id":22}
info: URL: /put
info: Método: POST
info: Cuerpo de la solicitud: {"Estado_alarma":"Desactivado","Fecha":"1/1/2000 4:24:13","Estado_cerco":"Sin evento","cerco_id":23}
info: URL: /put
info: Método: POST
info: Cuerpo de la solicitud: {"Estado_alarma":"Desactivado","Fecha":"1/1/2000 4:24:33","Estado_cerco":"Sin evento","cerco_id":24}
info: URL: /put
info: Método: POST
info: Cuerpo de la solicitud: {"Estado_alarma":"Desactivado","Fecha":"1/1/2000 4:24:53","Estado_cerco":"Sin evento","cerco_id":25}
info: URL: /put
info: Método: POST
info: Cuerpo de la solicitud: {"Estado_alarma":"Desactivado","Fecha":"1/1/2000 4:25:14","Estado_cerco":"Sin evento","cerco_id":26}
info: URL: /put
info: Método: POST
info: Cuerpo de la solicitud: {"Estado_alarma":"Desactivado","Fecha":"1/1/2000 4:25:34","Estado_cerco":"Sin evento","cerco_id":27}
info: URL: /put
info: Método: POST
info: Cuerpo de la solicitud: {"Estado_alarma":"Desactivado","Fecha":"1/1/2000 4:25:54","Estado_cerco":"Sin evento","cerco_id":28}
info: URL: /put
info: Método: POST
info: Cuerpo de la solicitud: {"Estado_alarma":"Desactivado","Fecha":"1/1/2000 4:26:14","Estado_cerco":"Sin evento","cerco_id":29}
info: URL: /put
info: Método: POST
info: Cuerpo de la solicitud: {"Estado_alarma":"Desactivado","Fecha":"1/1/2000 4:26:34","Estado_cerco":"Sin evento","cerco_id":30}
info: URL: /put
info: Método: POST
info: Cuerpo de la solicitud: {"Estado_alarma":"Desactivado","Fecha":"1/1/2000 4:26:54","Estado_cerco":"Sin evento","cerco_id":31}
info: URL: /put
info: Método: POST
info: Cuerpo de la solicitud: {"Estado_alarma":"Desactivado","Fecha":"1/1/2000 4:27:15","Estado_cerco":"Sin evento","cerco_id":32}
info: URL: /put
info: Método: POST
info: Cuerpo de la solicitud: {"Estado_alarma":"Desactivado","Fecha":"1/1/2000 4:27:35","Estado_cerco":"Sin evento","cerco_id":33}
info: URL: /put
info: Método: POST
info: Cuerpo de la solicitud: {"Estado_alarma":"Desactivado","Fecha":"1/1/2000 4:27:55","Estado_cerco":"Sin evento","cerco_id":34}
info: URL: /put
info: Método: POST
info: Cuerpo de la solicitud: {"Estado_alarma":"Desactivado","Fecha":"1/1/2000 4:28:15","Estado_cerco":"Sin evento","cerco_id":35}
info: URL: /put
info: Método: POST
info: Cuerpo de la solicitud: {"Estado_alarma":"Desactivado","Fecha":"1/1/2000 4:28:35","Estado_cerco":"Sin evento","cerco_id":36}
info: URL: /put
info: Método: POST
info: Cuerpo de la solicitud: {"Estado_alarma":"Desactivado","Fecha":"1/1/2000 4:28:55","Estado_cerco":"Sin evento","cerco_id":37}
info: URL: /put
info: Método: POST
info: Cuerpo de la solicitud: {"Estado_alarma":"Desactivado","Fecha":"1/1/2000 4:29:15","Estado_cerco":"Sin evento","cerco_id":38}
info: URL: /put
info: Método: POST
info: Cuerpo de la solicitud: {"Estado_alarma":"Desactivado","Fecha":"1/1/2000 4:29:35","Estado_cerco":"Sin evento","cerco_id":39}
info: URL: /put
info: Método: POST
info: Cuerpo de la solicitud: {"Estado_alarma":"Desactivado","Fecha":"1/1/2000 4:29:55","Estado_cerco":"Sin evento","cerco_id":40}
info: URL: /put
info: Método: POST
info: Cuerpo de la solicitud: {"Estado_alarma":"Desactivado","Fecha":"1/1/2000 4:30:16","Estado_cerco":"Sin evento","cerco_id":41}
info: URL: /put
info: Método: POST
info: Cuerpo de la solicitud: {"Estado_alarma":"Desactivado","Fecha":"1/1/2000 4:30:36","Estado_cerco":"Sin evento","cerco_id":42}
info: URL: /put
info: Método: POST
info: Cuerpo de la solicitud: {"Estado_alarma":"Desactivado","Fecha":"1/1/2000 4:30:56","Estado_cerco":"Sin evento","cerco_id":43}
info: URL: /put
info: Método: POST
info: Cuerpo de la solicitud: {"Estado_alarma":"Desactivado","Fecha":"1/1/2000 4:31:16","Estado_cerco":"Sin evento","cerco_id":44}
info: URL: /put
info: Método: POST
info: Cuerpo de la solicitud: {"Estado_alarma":"Desactivado","Fecha":"1/1/2000 4:31:36","Estado_cerco":"Sin evento","cerco_id":45}
info: URL: /put
info: Método: POST
info: Cuerpo de la solicitud: {"Estado_alarma":"Desactivado","Fecha":"1/1/2000 4:31:56","Estado_cerco":"Sin evento","cerco_id":46}
info: URL: /put
info: Método: POST
info: Cuerpo de la solicitud: {"Estado_alarma":"Desactivado","Fecha":"1/1/2000 4:32:16","Estado_cerco":"Sin evento","cerco_id":47}
info: URL: /put
info: Método: POST
info: Cuerpo de la solicitud: {"Estado_alarma":"Desactivado","Fecha":"1/1/2000 4:32:36","Estado_cerco":"Sin evento","cerco_id":48}
info: URL: /put
info: Método: POST
info: Cuerpo de la solicitud: {"Estado_alarma":"Desactivado","Fecha":"1/1/2000 4:32:57","Estado_cerco":"Sin evento","cerco_id":49}
info: URL: /put
info: Método: POST
info: Cuerpo de la solicitud: {"Estado_alarma":"Desactivado","Fecha":"1/1/2000 4:33:17","Estado_cerco":"Sin evento","cerco_id":50}
info: URL: /put
info: Método: POST
info: Cuerpo de la solicitud: {"Estado_alarma":"Desactivado","Fecha":"1/1/2000 4:33:37","Estado_cerco":"Sin evento","cerco_id":51}
info: URL: /put
info: Método: POST
info: Cuerpo de la solicitud: {"Estado_alarma":"Desactivado","Fecha":"1/1/2000 4:33:57","Estado_cerco":"Sin evento","cerco_id":52}
info: URL: /put
info: Método: POST
info: Cuerpo de la solicitud: {"Estado_alarma":"Desactivado","Fecha":"1/1/2000 4:34:17","Estado_cerco":"Sin evento","cerco_id":53}
info: URL: /put
info: Método: POST
info: Cuerpo de la solicitud: {"Estado_alarma":"Desactivado","Fecha":"1/1/2000 4:34:37","Estado_cerco":"Sin evento","cerco_id":54}
info: URL: /put
info: Método: POST
info: Cuerpo de la solicitud: {"Estado_alarma":"Desactivado","Fecha":"1/1/2000 4:34:57","Estado_cerco":"Sin evento","cerco_id":55}
info: URL: /put
info: Método: POST
info: Cuerpo de la solicitud: {"Estado_alarma":"Desactivado","Fecha":"1/1/2000 4:35:17","Estado_cerco":"Sin evento","cerco_id":56}
info: URL: /put
info: Método: POST
info: Cuerpo de la solicitud: {"Estado_alarma":"Desactivado","Fecha":"1/1/2000 4:35:37","Estado_cerco":"Sin evento","cerco_id":57}
info: URL: /put
info: Método: POST
info: Cuerpo de la solicitud: {"Estado_alarma":"Desactivado","Fecha":"1/1/2000 4:35:58","Estado_cerco":"Sin evento","cerco_id":58}
info: URL: /put
info: Método: POST
info: Cuerpo de la solicitud: {"Estado_alarma":"Desactivado","Fecha":"1/1/2000 4:36:18","Estado_cerco":"Sin evento","cerco_id":59}
info: URL: /put
info: Método: POST
info: Cuerpo de la solicitud: {"Estado_alarma":"Desactivado","Fecha":"1/1/2000 4:36:38","Estado_cerco":"Sin evento","cerco_id":60}
info: URL: /put
info: Método: POST
info: Cuerpo de la solicitud: {"Estado_alarma":"Desactivado","Fecha":"1/1/2000 4:36:58","Estado_cerco":"Sin evento","cerco_id":61}
info: URL: /put
info: Método: POST
info: Cuerpo de la solicitud: {"Estado_alarma":"Desactivado","Fecha":"1/1/2000 4:37:18","Estado_cerco":"Sin evento","cerco_id":62}
info: URL: /put
info: Método: POST
info: Cuerpo de la solicitud: {"Estado_alarma":"Desactivado","Fecha":"1/1/2000 4:37:38","Estado_cerco":"Sin evento","cerco_id":63}
info: URL: /put
info: Método: POST
info: Cuerpo de la solicitud: {"Estado_alarma":"Desactivado","Fecha":"1/1/2000 4:37:59","Estado_cerco":"Sin evento","cerco_id":64}
info: URL: /put
info: Método: POST
info: Cuerpo de la solicitud: {"Estado_alarma":"Desactivado","Fecha":"1/1/2000 4:38:19","Estado_cerco":"Sin evento","cerco_id":65}
info: URL: /put
info: Método: POST
info: Cuerpo de la solicitud: {"Estado_alarma":"Desactivado","Fecha":"1/1/2000 4:38:39","Estado_cerco":"Sin evento","cerco_id":66}
info: URL: /put
info: Método: POST
info: Cuerpo de la solicitud: {"Estado_alarma":"Desactivado","Fecha":"1/1/2000 4:38:59","Estado_cerco":"Sin evento","cerco_id":67}
info: URL: /put
info: Método: POST
info: Cuerpo de la solicitud: {"Estado_alarma":"Desactivado","Fecha":"1/1/2000 4:39:19","Estado_cerco":"Sin evento","cerco_id":68}
info: URL: /put
info: Método: POST
info: Cuerpo de la solicitud: {"Estado_alarma":"Desactivado","Fecha":"1/1/2000 4:39:39","Estado_cerco":"Sin evento","cerco_id":69}
info: URL: /put
info: Método: POST
info: Cuerpo de la solicitud: {"Estado_alarma":"Desactivado","Fecha":"1/1/2000 4:39:59","Estado_cerco":"Sin evento","cerco_id":70}
info: URL: /put
info: Método: POST
info: Cuerpo de la solicitud: {"Estado_alarma":"Desactivado","Fecha":"1/1/2000 4:40:19","Estado_cerco":"Sin evento","cerco_id":71}
info: URL: /put
info: Método: POST
info: Cuerpo de la solicitud: {"Estado_alarma":"Desactivado","Fecha":"1/1/2000 4:40:40","Estado_cerco":"Sin evento","cerco_id":72}
info: URL: /put
info: Método: POST
info: Cuerpo de la solicitud: {"Estado_alarma":"Desactivado","Fecha":"1/1/2000 4:41:0","Estado_cerco":"Sin evento","cerco_id":73}
info: URL: /put
info: Método: POST
info: Cuerpo de la solicitud: {"Estado_alarma":"Desactivado","Fecha":"1/1/2000 4:41:20","Estado_cerco":"Sin evento","cerco_id":74}
info: URL: /put
info: Método: POST
info: Cuerpo de la solicitud: {"Estado_alarma":"Desactivado","Fecha":"1/1/2000 4:41:40","Estado_cerco":"Sin evento","cerco_id":75}
info: URL: /put
info: Método: POST
info: Cuerpo de la solicitud: {"Estado_alarma":"Desactivado","Fecha":"1/1/2000 4:42:0","Estado_cerco":"Sin evento","cerco_id":76}
info: URL: /put
info: Método: POST
info: Cuerpo de la solicitud: {"Estado_alarma":"Desactivado","Fecha":"1/1/2000 4:42:20","Estado_cerco":"Sin evento","cerco_id":77}
info: URL: /put
info: Método: POST
info: Cuerpo de la solicitud: {"Estado_alarma":"Desactivado","Fecha":"1/1/2000 4:42:40","Estado_cerco":"Sin evento","cerco_id":78}
info: URL: /put
info: Método: POST
info: Cuerpo de la solicitud: {"Estado_alarma":"Desactivado","Fecha":"1/1/2000 4:43:0","Estado_cerco":"Sin evento","cerco_id":79}
info: URL: /put
info: Método: POST
info: Cuerpo de la solicitud: {"Estado_alarma":"Desactivado","Fecha":"1/1/2000 4:43:21","Estado_cerco":"Sin evento","cerco_id":80}
info: URL: /put
info: Método: POST
info: Cuerpo de la solicitud: {"Estado_alarma":"Desactivado","Fecha":"1/1/2000 4:43:41","Estado_cerco":"Sin evento","cerco_id":81}
info: URL: /put
info: Método: POST
info: Cuerpo de la solicitud: {"Estado_alarma":"Desactivado","Fecha":"1/1/2000 4:44:1","Estado_cerco":"Sin evento","cerco_id":82}
info: URL: /put
info: Método: POST
info: Cuerpo de la solicitud: {"Estado_alarma":"Desactivado","Fecha":"1/1/2000 4:44:21","Estado_cerco":"Sin evento","cerco_id":83}
info: URL: /put
info: Método: POST
info: Cuerpo de la solicitud: {"Estado_alarma":"Desactivado","Fecha":"1/1/2000 4:44:41","Estado_cerco":"Sin evento","cerco_id":84}
info: URL: /put
info: Método: POST
info: Cuerpo de la solicitud: {"Estado_alarma":"Desactivado","Fecha":"1/1/2000 4:45:1","Estado_cerco":"Sin evento","cerco_id":85}
info: URL: /put
info: Método: POST
info: Cuerpo de la solicitud: {"Estado_alarma":"Desactivado","Fecha":"1/1/2000 4:45:21","Estado_cerco":"Sin evento","cerco_id":86}
info: URL: /put
info: Método: POST
info: Cuerpo de la solicitud: {"Estado_alarma":"Desactivado","Fecha":"1/1/2000 4:45:41","Estado_cerco":"Sin evento","cerco_id":87}
info: URL: /put
info: Método: POST
info: Cuerpo de la solicitud: {"Estado_alarma":"Desactivado","Fecha":"1/1/2000 4:46:1","Estado_cerco":"Sin evento","cerco_id":88}
info: URL: /put
info: Método: POST
info: Cuerpo de la solicitud: {"Estado_alarma":"Desactivado","Fecha":"1/1/2000 4:46:22","Estado_cerco":"Sin evento","cerco_id":89}
info: URL: /put
info: Método: POST
info: Cuerpo de la solicitud: {"Estado_alarma":"Desactivado","Fecha":"1/1/2000 4:46:42","Estado_cerco":"Sin evento","cerco_id":90}
info: URL: /put
info: Método: POST
info: Cuerpo de la solicitud: {"Estado_alarma":"Desactivado","Fecha":"1/1/2000 4:47:2","Estado_cerco":"Sin evento","cerco_id":91}
info: URL: /put
info: Método: POST
info: Cuerpo de la solicitud: {"Estado_alarma":"Desactivado","Fecha":"1/1/2000 4:47:22","Estado_cerco":"Sin evento","cerco_id":92}
info: URL: /put
info: Método: POST
info: Cuerpo de la solicitud: {"Estado_alarma":"Desactivado","Fecha":"1/1/2000 4:47:42","Estado_cerco":"Sin evento","cerco_id":93}
info: URL: /put
info: Método: POST
info: Cuerpo de la solicitud: {"Estado_alarma":"Desactivado","Fecha":"1/1/2000 4:48:2","Estado_cerco":"Sin evento","cerco_id":94}
info: URL: /put
info: Método: POST
info: Cuerpo de la solicitud: {"Estado_alarma":"Desactivado","Fecha":"1/1/2000 4:48:22","Estado_cerco":"Sin evento","cerco_id":95}
info: URL: /put
info: Método: POST
info: Cuerpo de la solicitud: {"Estado_alarma":"Desactivado","Fecha":"1/1/2000 4:48:42","Estado_cerco":"Sin evento","cerco_id":96}
info: URL: /put
info: Método: POST
info: Cuerpo de la solicitud: {"Estado_alarma":"Desactivado","Fecha":"1/1/2000 4:49:2","Estado_cerco":"Sin evento","cerco_id":97}
info: URL: /put
info: Método: POST
info: Cuerpo de la solicitud: {"Estado_alarma":"Desactivado","Fecha":"1/1/2000 4:49:23","Estado_cerco":"Sin evento","cerco_id":98}
info: URL: /put
info: Método: POST
info: Cuerpo de la solicitud: {"Estado_alarma":"Desactivado","Fecha":"1/1/2000 4:49:43","Estado_cerco":"Sin evento","cerco_id":99}
info: URL: /put
info: Método: POST
info: Cuerpo de la solicitud: {"Estado_alarma":"Desactivado","Fecha":"1/1/2000 4:50:3","Estado_cerco":"Sin evento","cerco_id":100}
info: URL: /put
info: Método: POST
info: Cuerpo de la solicitud: {"Estado_alarma":"Desactivado","Fecha":"1/1/2000 4:50:23","Estado_cerco":"Sin evento","cerco_id":101}
info: URL: /put
info: Método: POST
info: Cuerpo de la solicitud: {"Estado_alarma":"Desactivado","Fecha":"1/1/2000 4:50:43","Estado_cerco":"Sin evento","cerco_id":102}
info: URL: /put
info: Método: POST
info: Cuerpo de la solicitud: {"Estado_alarma":"Desactivado","Fecha":"1/1/2000 4:51:3","Estado_cerco":"Sin evento","cerco_id":103}
